  MainComponent.cpp
  Main.cpp
  include_juce_audio_basics.cpp
  include_juce_audio_devices.cpp
  include_juce_audio_formats.cpp
  include_juce_audio_processors.cpp
  include_juce_audio_utils.cpp
  include_juce_core.cpp
..\..\Source\MainComponent.cpp(29): warning C4100: 'sampleRate': unreferenced formal parameter
..\..\Source\MainComponent.cpp(29): warning C4100: 'samplesPerBlockExpected': unreferenced formal parameter
..\..\Source\Main.cpp(26): warning C4100: 'commandLine': unreferenced formal parameter
..\..\Source\Main.cpp(48): warning C4100: 'commandLine': unreferenced formal parameter
  include_juce_cryptography.cpp
  include_juce_data_structures.cpp
  include_juce_events.cpp
  include_juce_graphics.cpp
  include_juce_gui_basics.cpp
  include_juce_gui_extra.cpp
  include_juce_opengl.cpp
  include_juce_video.cpp
  Congruence_App.vcxproj -> C:\Users\Tyler\Desktop\SDK\JUCE\projects\Congruence-master\Congruence\Builds\VisualStudio2015\x64\Debug\App\Congruence.exe
  Congruence_App.vcxproj -> x64\Debug\App\\Congruence.pdb (Full PDB)
